<?xml version="1.0" encoding="UTF-8"?>
<!-- Generated by org.testng.reporters.JUnitReportReporter -->
<testsuite hostname="DESKTOP-PFMH1SJ" failures="0" tests="4" name="com.tutorialsninja.qa.testcases.RegisterTest" time="33.379" errors="0" timestamp="2023-10-09T10:44:33 IST" skipped="0">
  <testcase classname="com.tutorialsninja.qa.testcases.RegisterTest" name="verifyRegisteringAnAccountWithMandatoryFields" time="9.124"/>
  <system-out/>
  <testcase classname="com.tutorialsninja.qa.testcases.RegisterTest" name="verifyRegisteringAccountByProvidingAllFields" time="9.625"/>
  <system-out/>
  <testcase classname="com.tutorialsninja.qa.testcases.RegisterTest" name="verifyRegisteringAccountWithExistingEmailAddress" time="7.222"/>
  <system-out/>
  <testcase classname="com.tutorialsninja.qa.testcases.RegisterTest" name="verifyRegisteringAccountWithoutFillingAnyDetails" time="7.408"/>
  <system-out/>
</testsuite> <!-- com.tutorialsninja.qa.testcases.RegisterTest -->
