<?xml version="1.0" encoding="UTF-8"?>
<!-- Generated by org.testng.reporters.JUnitReportReporter -->
<testsuite hostname="DESKTOP-PFMH1SJ" failures="0" tests="1" name="com.testpages.qa.testcases.FormTest" time="5.688" errors="0" timestamp="2023-10-09T15:12:58 IST" skipped="0">
  <testcase classname="com.testpages.qa.testcases.FormTest" name="verifyMandatoryFields" time="5.688"/>
  <system-out/>
</testsuite> <!-- com.testpages.qa.testcases.FormTest -->
